[2019-07-15T08:56:30.201] [DEBUG] data - {}
[2019-07-15T08:56:54.369] [DEBUG] data - {}
[2019-07-15T08:57:39.287] [DEBUG] data - {}
[2019-07-15T13:52:08.350] [DEBUG] data - {}
[2019-07-15T13:52:10.252] [DEBUG] data - {}
[2019-07-15T13:52:44.559] [DEBUG] data - {}
[2019-07-15T13:53:58.892] [DEBUG] data - {}
[2019-07-15T13:53:59.494] [DEBUG] data - {}
[2019-07-15T13:53:59.748] [DEBUG] data - {}
[2019-07-15T13:53:59.926] [DEBUG] data - {}
[2019-07-15T13:54:00.132] [DEBUG] data - {}
[2019-07-15T13:54:03.202] [DEBUG] data - {}
[2019-07-15T13:54:03.301] [DEBUG] data - {}
[2019-07-15T13:54:17.693] [DEBUG] data - {}
[2019-07-15T13:54:17.718] [DEBUG] data - {}
[2019-07-15T13:54:20.925] [DEBUG] data - {}
[2019-07-15T13:54:20.947] [DEBUG] data - {}
[2019-07-15T13:55:00.190] [DEBUG] data - {}
[2019-07-15T14:53:14.306] [DEBUG] data - {}
[2019-07-15T14:53:14.362] [DEBUG] data - {}
[2019-07-15T14:53:26.958] [DEBUG] data - { email: 'string', password: 'string' }
[2019-07-15T15:03:06.549] [DEBUG] data - { email: 'rev@gmail.com', password: 'hello' }
[2019-07-15T15:43:12.154] [DEBUG] data - { email: 'rev@gmail.com', password: 'hello' }
[2019-07-15T15:43:26.297] [DEBUG] data - { email: 'rev@gmail.com', password: 'hello' }
[2019-07-15T15:43:28.649] [DEBUG] data - { email: 'rev@gmail.com', password: 'hello' }
[2019-07-15T15:43:53.917] [DEBUG] data - { email: 'rev@gmail.com', password: 'helo' }
[2019-07-15T15:44:07.392] [DEBUG] data - { email: 'rev@gmail.com', password: 'helo' }
[2019-07-15T17:50:43.376] [DEBUG] data - { email: 'rev@gmail.com', password: 'helo' }
[2019-07-15T17:51:48.371] [DEBUG] data - { email: 'rev@gmail.com', password: 'helo' }
[2019-07-15T17:53:08.829] [DEBUG] data - { email: 'rev@gmail.com', password: 'helo' }
[2019-07-15T17:54:02.720] [DEBUG] data - { email: 'rev@gmail.com', password: 'helo' }
[2019-07-15T18:47:25.978] [DEBUG] data - {}
[2019-07-15T18:47:26.123] [DEBUG] data - {}
[2019-07-15T18:47:26.149] [DEBUG] data - {}
[2019-07-15T18:47:26.153] [DEBUG] data - {}
[2019-07-15T18:47:26.154] [DEBUG] data - {}
[2019-07-15T18:47:26.155] [DEBUG] data - {}
[2019-07-15T18:47:40.531] [DEBUG] data - { email: 'rev@gmail.com', password: 'hello' }
[2019-07-15T18:48:17.687] [DEBUG] data - {}
[2019-07-15T18:48:17.785] [DEBUG] data - {}
[2019-07-15T18:48:59.814] [DEBUG] data - { email: 'rev@gmail.com', password: 'hello' }
[2019-07-15T18:49:07.673] [DEBUG] data - { email: 'rev@gmail.com', password: 'hell' }
[2019-07-15T18:49:42.602] [DEBUG] data - { email: 'rev@gmail.com', password: 'hell' }
[2019-07-15T18:51:02.418] [DEBUG] data - { email: 'rev@gmail.com', password: 'hell' }
[2019-07-15T18:51:17.557] [DEBUG] data - { email: 'rev@gmail.com', password: 'hell' }
[2019-07-15T18:52:55.415] [DEBUG] data - { email: 'rev@gmail.com', password: 'hell' }
[2019-07-15T18:53:21.166] [DEBUG] data - { email: 'rev@gmail.com', password: 'hell' }
[2019-07-15T18:54:32.872] [DEBUG] data - { email: 'rev@gmail.com', password: 'hell' }
[2019-07-15T18:57:20.220] [DEBUG] data - { email: 'rev@gmail.com', password: 'hell' }
[2019-07-15T19:04:31.118] [DEBUG] data - { email: 'rev@gmail.com', password: 'hell' }
[2019-07-15T19:05:59.504] [DEBUG] data - { email: 'rev@gmail.com', password: 'hell' }
[2019-07-15T19:13:38.337] [DEBUG] data - { email: 'rev@gmail.com', password: 'hell' }
[2019-07-15T19:13:58.213] [DEBUG] data - { email: 'rev@gmail.com', password: 'hell' }
[2019-07-15T19:14:07.090] [DEBUG] data - { email: 'rev@gmail.com', password: 'hello' }
[2019-07-15T19:14:27.745] [DEBUG] data - { email: 'rev@gmail.com', password: 'hello' }
[2019-07-15T19:14:54.882] [DEBUG] data - { email: 'rev@gmail.com', password: 'hell' }
[2019-07-15T19:15:12.186] [DEBUG] data - { email: 'rev@gmail.com', password: 'hello' }
